[16/07/26 00:21:27] info: Program: Starting Squirrel Updater: --checkForUpdate https://central.github.com/api/deployments/desktop/desktop/latest?version=3.6.3&env=production&guid=61ad2929-5506-49f6-a976-cdf80f162a1a
[16/07/26 00:21:27] info: Program: Fetching update information, downloading from https://central.github.com/api/deployments/desktop/desktop/latest?version=3.6.3&env=production&guid=61ad2929-5506-49f6-a976-cdf80f162a1a
[16/07/26 00:21:27] warn: SingleGlobalInstance: Failed to grab lockfile, will retry: C:\Users\Administrator\AppData\Local\Temp\.squirrel-lock-888A9B107B62F1C86DAF11BCC5C10F9F6F399495: System.IO.IOException: 文件“C:\Users\Administrator\AppData\Local\Temp\.squirrel-lock-888A9B107B62F1C86DAF11BCC5C10F9F6F399495”正由另一进程使用，因此该进程无法访问此文件。
   在 System.IO.__Error.WinIOError(Int32 errorCode, String maybeFullPath)
   在 System.IO.FileStream.Init(String path, FileMode mode, FileAccess access, Int32 rights, Boolean useRights, FileShare share, Int32 bufferSize, FileOptions options, SECURITY_ATTRIBUTES secAttrs, String msgPath, Boolean bFromProxy, Boolean useLongPath, Boolean checkHost)
   在 System.IO.FileStream..ctor(String path, FileMode mode, FileAccess access, FileShare share)
   在 Squirrel.SingleGlobalInstance..ctor(String key, TimeSpan timeOut)
[16/07/26 00:21:27] warn: SingleGlobalInstance: Failed to grab lockfile, will retry: C:\Users\Administrator\AppData\Local\Temp\.squirrel-lock-888A9B107B62F1C86DAF11BCC5C10F9F6F399495: System.IO.IOException: 文件“C:\Users\Administrator\AppData\Local\Temp\.squirrel-lock-888A9B107B62F1C86DAF11BCC5C10F9F6F399495”正由另一进程使用，因此该进程无法访问此文件。
   在 System.IO.__Error.WinIOError(Int32 errorCode, String maybeFullPath)
   在 System.IO.FileStream.Init(String path, FileMode mode, FileAccess access, Int32 rights, Boolean useRights, FileShare share, Int32 bufferSize, FileOptions options, SECURITY_ATTRIBUTES secAttrs, String msgPath, Boolean bFromProxy, Boolean useLongPath, Boolean checkHost)
   在 System.IO.FileStream..ctor(String path, FileMode mode, FileAccess access, FileShare share)
   在 Squirrel.SingleGlobalInstance..ctor(String key, TimeSpan timeOut)
[16/07/26 00:21:28] warn: SingleGlobalInstance: Failed to grab lockfile, will retry: C:\Users\Administrator\AppData\Local\Temp\.squirrel-lock-888A9B107B62F1C86DAF11BCC5C10F9F6F399495: System.IO.IOException: 文件“C:\Users\Administrator\AppData\Local\Temp\.squirrel-lock-888A9B107B62F1C86DAF11BCC5C10F9F6F399495”正由另一进程使用，因此该进程无法访问此文件。
   在 System.IO.__Error.WinIOError(Int32 errorCode, String maybeFullPath)
   在 System.IO.FileStream.Init(String path, FileMode mode, FileAccess access, Int32 rights, Boolean useRights, FileShare share, Int32 bufferSize, FileOptions options, SECURITY_ATTRIBUTES secAttrs, String msgPath, Boolean bFromProxy, Boolean useLongPath, Boolean checkHost)
   在 System.IO.FileStream..ctor(String path, FileMode mode, FileAccess access, FileShare share)
   在 Squirrel.SingleGlobalInstance..ctor(String key, TimeSpan timeOut)
[16/07/26 00:21:28] warn: SingleGlobalInstance: Failed to grab lockfile, will retry: C:\Users\Administrator\AppData\Local\Temp\.squirrel-lock-888A9B107B62F1C86DAF11BCC5C10F9F6F399495: System.IO.IOException: 文件“C:\Users\Administrator\AppData\Local\Temp\.squirrel-lock-888A9B107B62F1C86DAF11BCC5C10F9F6F399495”正由另一进程使用，因此该进程无法访问此文件。
   在 System.IO.__Error.WinIOError(Int32 errorCode, String maybeFullPath)
   在 System.IO.FileStream.Init(String path, FileMode mode, FileAccess access, Int32 rights, Boolean useRights, FileShare share, Int32 bufferSize, FileOptions options, SECURITY_ATTRIBUTES secAttrs, String msgPath, Boolean bFromProxy, Boolean useLongPath, Boolean checkHost)
   在 System.IO.FileStream..ctor(String path, FileMode mode, FileAccess access, FileShare share)
   在 Squirrel.SingleGlobalInstance..ctor(String key, TimeSpan timeOut)
[16/07/26 00:21:28] warn: SingleGlobalInstance: Failed to grab lockfile, will retry: C:\Users\Administrator\AppData\Local\Temp\.squirrel-lock-888A9B107B62F1C86DAF11BCC5C10F9F6F399495: System.IO.IOException: 文件“C:\Users\Administrator\AppData\Local\Temp\.squirrel-lock-888A9B107B62F1C86DAF11BCC5C10F9F6F399495”正由另一进程使用，因此该进程无法访问此文件。
   在 System.IO.__Error.WinIOError(Int32 errorCode, String maybeFullPath)
   在 System.IO.FileStream.Init(String path, FileMode mode, FileAccess access, Int32 rights, Boolean useRights, FileShare share, Int32 bufferSize, FileOptions options, SECURITY_ATTRIBUTES secAttrs, String msgPath, Boolean bFromProxy, Boolean useLongPath, Boolean checkHost)
   在 System.IO.FileStream..ctor(String path, FileMode mode, FileAccess access, FileShare share)
   在 Squirrel.SingleGlobalInstance..ctor(String key, TimeSpan timeOut)
[16/07/26 00:21:28] warn: SingleGlobalInstance: Failed to grab lockfile, will retry: C:\Users\Administrator\AppData\Local\Temp\.squirrel-lock-888A9B107B62F1C86DAF11BCC5C10F9F6F399495: System.IO.IOException: 文件“C:\Users\Administrator\AppData\Local\Temp\.squirrel-lock-888A9B107B62F1C86DAF11BCC5C10F9F6F399495”正由另一进程使用，因此该进程无法访问此文件。
   在 System.IO.__Error.WinIOError(Int32 errorCode, String maybeFullPath)
   在 System.IO.FileStream.Init(String path, FileMode mode, FileAccess access, Int32 rights, Boolean useRights, FileShare share, Int32 bufferSize, FileOptions options, SECURITY_ATTRIBUTES secAttrs, String msgPath, Boolean bFromProxy, Boolean useLongPath, Boolean checkHost)
   在 System.IO.FileStream..ctor(String path, FileMode mode, FileAccess access, FileShare share)
   在 Squirrel.SingleGlobalInstance..ctor(String key, TimeSpan timeOut)
[16/07/26 00:21:29] warn: SingleGlobalInstance: Failed to grab lockfile, will retry: C:\Users\Administrator\AppData\Local\Temp\.squirrel-lock-888A9B107B62F1C86DAF11BCC5C10F9F6F399495: System.IO.IOException: 文件“C:\Users\Administrator\AppData\Local\Temp\.squirrel-lock-888A9B107B62F1C86DAF11BCC5C10F9F6F399495”正由另一进程使用，因此该进程无法访问此文件。
   在 System.IO.__Error.WinIOError(Int32 errorCode, String maybeFullPath)
   在 System.IO.FileStream.Init(String path, FileMode mode, FileAccess access, Int32 rights, Boolean useRights, FileShare share, Int32 bufferSize, FileOptions options, SECURITY_ATTRIBUTES secAttrs, String msgPath, Boolean bFromProxy, Boolean useLongPath, Boolean checkHost)
   在 System.IO.FileStream..ctor(String path, FileMode mode, FileAccess access, FileShare share)
   在 Squirrel.SingleGlobalInstance..ctor(String key, TimeSpan timeOut)
[16/07/26 00:21:29] warn: SingleGlobalInstance: Failed to grab lockfile, will retry: C:\Users\Administrator\AppData\Local\Temp\.squirrel-lock-888A9B107B62F1C86DAF11BCC5C10F9F6F399495: System.IO.IOException: 文件“C:\Users\Administrator\AppData\Local\Temp\.squirrel-lock-888A9B107B62F1C86DAF11BCC5C10F9F6F399495”正由另一进程使用，因此该进程无法访问此文件。
   在 System.IO.__Error.WinIOError(Int32 errorCode, String maybeFullPath)
   在 System.IO.FileStream.Init(String path, FileMode mode, FileAccess access, Int32 rights, Boolean useRights, FileShare share, Int32 bufferSize, FileOptions options, SECURITY_ATTRIBUTES secAttrs, String msgPath, Boolean bFromProxy, Boolean useLongPath, Boolean checkHost)
   在 System.IO.FileStream..ctor(String path, FileMode mode, FileAccess access, FileShare share)
   在 Squirrel.SingleGlobalInstance..ctor(String key, TimeSpan timeOut)
[16/07/26 00:21:29] fatal: Finished with unhandled exception: System.AggregateException: 发生一个或多个错误。 ---> System.Exception: Couldn't acquire lock, is another instance running
   在 Squirrel.SingleGlobalInstance..ctor(String key, TimeSpan timeOut)
   在 Squirrel.UpdateManager.<acquireUpdateLock>b__33_0()
   在 System.Threading.Tasks.Task`1.InnerInvoke()
   在 System.Threading.Tasks.Task.Execute()
--- 引发异常的上一位置中堆栈跟踪的末尾 ---
   在 System.Runtime.ExceptionServices.ExceptionDispatchInfo.Throw()
   在 System.Runtime.CompilerServices.TaskAwaiter.HandleNonSuccessAndDebuggerNotification(Task task)
   在 Squirrel.UpdateManager.<CheckForUpdate>d__8.MoveNext()
--- 引发异常的上一位置中堆栈跟踪的末尾 ---
   在 System.Runtime.ExceptionServices.ExceptionDispatchInfo.Throw()
   在 System.Runtime.CompilerServices.TaskAwaiter.HandleNonSuccessAndDebuggerNotification(Task task)
   在 Squirrel.Update.Program.<CheckForUpdate>d__8.MoveNext()
   --- 内部异常堆栈跟踪的结尾 ---
   在 System.Threading.Tasks.Task`1.GetResultCore(Boolean waitCompletionNotification)
   在 Squirrel.Update.Program.executeCommandLine(String[] args)
   在 Squirrel.Update.Program.main(String[] args)
---> (内部异常 #0) System.Exception: Couldn't acquire lock, is another instance running
   在 Squirrel.SingleGlobalInstance..ctor(String key, TimeSpan timeOut)
   在 Squirrel.UpdateManager.<acquireUpdateLock>b__33_0()
   在 System.Threading.Tasks.Task`1.InnerInvoke()
   在 System.Threading.Tasks.Task.Execute()
--- 引发异常的上一位置中堆栈跟踪的末尾 ---
   在 System.Runtime.ExceptionServices.ExceptionDispatchInfo.Throw()
   在 System.Runtime.CompilerServices.TaskAwaiter.HandleNonSuccessAndDebuggerNotification(Task task)
   在 Squirrel.UpdateManager.<CheckForUpdate>d__8.MoveNext()
--- 引发异常的上一位置中堆栈跟踪的末尾 ---
   在 System.Runtime.ExceptionServices.ExceptionDispatchInfo.Throw()
   在 System.Runtime.CompilerServices.TaskAwaiter.HandleNonSuccessAndDebuggerNotification(Task task)
   在 Squirrel.Update.Program.<CheckForUpdate>d__8.MoveNext()<---

[18/07/26 23:18:00] info: Program: Starting Squirrel Updater: --checkForUpdate https://central.github.com/api/deployments/desktop/desktop/latest?version=3.6.3&env=production&guid=61ad2929-5506-49f6-a976-cdf80f162a1a
[18/07/26 23:18:00] info: Program: Fetching update information, downloading from https://central.github.com/api/deployments/desktop/desktop/latest?version=3.6.3&env=production&guid=61ad2929-5506-49f6-a976-cdf80f162a1a
[18/07/26 23:18:00] info: CheckForUpdateImpl: Generated new staging user ID: d5436471-08af-5f33-984c-bdecc396ade5
[18/07/26 23:18:00] info: CheckForUpdateImpl: Downloading RELEASES file from https://central.github.com/api/deployments/desktop/desktop/latest?version=3.6.3&env=production&guid=61ad2929-5506-49f6-a976-cdf80f162a1a
[18/07/26 23:18:01] info: FileDownloader: Downloading url: https://central.github.com/api/deployments/desktop/desktop/latest/RELEASES?version=3.6.3&env=production&guid=61ad2929-5506-49f6-a976-cdf80f162a1a&id=GitHubDesktop&localVersion=3.6.3&arch=amd64
[18/07/26 23:18:04] warn: IEnableLogger: Failed to download url: https://central.github.com/api/deployments/desktop/desktop/latest/RELEASES?version=3.6.3&env=production&guid=61ad2929-5506-49f6-a976-cdf80f162a1a&id=GitHubDesktop&localVersion=3.6.3&arch=amd64: System.Net.WebException: 远程服务器返回错误: (502) 错误的网关。
   在 System.Net.HttpWebRequest.EndGetResponse(IAsyncResult asyncResult)
   在 System.Net.WebClient.GetWebResponse(WebRequest request, IAsyncResult result)
   在 System.Net.WebClient.DownloadBitsResponseCallback(IAsyncResult result)
--- 引发异常的上一位置中堆栈跟踪的末尾 ---
   在 System.Runtime.ExceptionServices.ExceptionDispatchInfo.Throw()
   在 System.Runtime.CompilerServices.TaskAwaiter.HandleNonSuccessAndDebuggerNotification(Task task)
   在 Squirrel.Utility.<LogIfThrows>d__43`1.MoveNext()
[18/07/26 23:18:04] info: FileDownloader: Downloading url: https://central.github.com/api/deployments/desktop/desktop/latest/releases?version=3.6.3&env=production&guid=61ad2929-5506-49f6-a976-cdf80f162a1a&id=githubdesktop&localversion=3.6.3&arch=amd64
[18/07/26 23:18:08] info: Program: Finished Squirrel Updater
[19/07/26 11:04:08] info: Program: Starting Squirrel Updater: --checkForUpdate https://central.github.com/api/deployments/desktop/desktop/latest?version=3.6.3&env=production&guid=61ad2929-5506-49f6-a976-cdf80f162a1a
[19/07/26 11:04:08] info: Program: Fetching update information, downloading from https://central.github.com/api/deployments/desktop/desktop/latest?version=3.6.3&env=production&guid=61ad2929-5506-49f6-a976-cdf80f162a1a
[19/07/26 11:04:08] info: CheckForUpdateImpl: Using existing staging user ID: d5436471-08af-5f33-984c-bdecc396ade5
[19/07/26 11:04:08] info: CheckForUpdateImpl: Downloading RELEASES file from https://central.github.com/api/deployments/desktop/desktop/latest?version=3.6.3&env=production&guid=61ad2929-5506-49f6-a976-cdf80f162a1a
[19/07/26 11:04:08] info: FileDownloader: Downloading url: https://central.github.com/api/deployments/desktop/desktop/latest/RELEASES?version=3.6.3&env=production&guid=61ad2929-5506-49f6-a976-cdf80f162a1a&id=GitHubDesktop&localVersion=3.6.3&arch=amd64
[19/07/26 11:04:17] info: Program: Finished Squirrel Updater
